Arguments: 
  C:\Program Files\nodejs\node.exe C:\Program Files (x86)\Yarn\bin\yarn.js init

PATH: 
  C:\Program Files (x86)\Intel\iCLS Client\;C:\Program Files\Intel\iCLS Client\;C:\ProgramData\Oracle\Java\javapath;C:\Windows\system32;C:\Windows;C:\Windows\System32\Wbem;C:\Windows\System32\WindowsPowerShell\v1.0\;C:\Program Files (x86)\Intel\Intel(R) Management Engine Components\DAL;C:\Program Files\Intel\Intel(R) Management Engine Components\DAL;C:\Program Files (x86)\Intel\Intel(R) Management Engine Components\IPT;C:\Program Files\Intel\Intel(R) Management Engine Components\IPT;C:\Program Files (x86)\NVIDIA Corporation\PhysX\Common;C:\Program Files\Git\cmd;C:\wamp64\bin\php\php5.6.19;C:\ProgramData\ComposerSetup\bin;C:\Program Files (x86)\QuickTime\QTSystem\;C:\Program Files (x86)\Skype\Phone\;C:\ProgramData\chocolatey\bin;C:\Program Files (x86)\Yarn\bin;C:\Program Files\nodejs\;C:\Program Files\Java\jdk1.8.0_101;C:\Program Files\Java\jdk1.8.0_101\bin;C:\Program Files\Android\Android Studio;C:\Program Files\Android\Android Studio\bin;C:\Users\DANIEL\AppData\Roaming\Composer\vendor\bin;C:\Program Files (x86)\Microsoft VS Code\bin;C:\Users\DANIEL\AppData\Local\Yarn\bin;C:\Users\DANIEL\AppData\Roaming\npm

Yarn version: 
  1.3.2

Node version: 
  8.10.0

Platform: 
  win32 x64

npm manifest: 
  {
    "name": "almundo",
    "version": "1.0.0",
    "description": "Hello Hotels ",
    "main": "index.js",
    "repository": "https://github.com/drcastanoj/hotels.git",
    "author": "Daniel castaño <drcastanoj@gmail.com>",
    "license": "MIT",
    "scripts": {
      "preinstall": "cd server && yarn && cd ../app &&  yarn",
      "start": "yarn start-server && yarn start-app",
      "start-app" : "cd app && yarn start" ,
      "start-server" : "cd server && yarn start" ,
      "build": "yarn build-app && yarn build-server",
      "build-app" : "cd app && yarn build" ,
      "build-server" : "cd server && yarn buld",
      "server-node": "yarn build-app && yarn start-server-node",
      "start-server-node": "cd server && yarn serve" 
    }
  }

yarn manifest: 
  No manifest

Lockfile: 
  No lockfile

Trace: 
  Error: canceled
      at Interface.<anonymous> (C:\Program Files (x86)\Yarn\lib\cli.js:121045:13)
      at emitNone (events.js:106:13)
      at Interface.emit (events.js:208:7)
      at Interface._ttyWrite (readline.js:775:16)
      at ReadStream.onkeypress (readline.js:160:10)
      at emitTwo (events.js:126:13)
      at ReadStream.emit (events.js:214:7)
      at emitKeys (internal/readline.js:420:14)
      at emitKeys.next (<anonymous>)
      at ReadStream.onData (readline.js:1011:36)
